# Logfile created on 2015-10-21 10:10:35 -0700 by logger.rb/47272
D, [2015-10-21T11:25:07.565533 #68101] DEBUG -- : couldn't find file 'fontawesome/css/font-awesome.min.css' with type 'text/css'
D, [2015-10-21T11:25:07.567286 #68101] DEBUG -- : ["app/assets/stylesheets/application.scss:15", "app/views/layouts/application.html.erb:9:in `_app_views_layouts_application_html_erb___1047521963193889286_70311009720500'"]
D, [2015-10-21T11:32:11.830368 #68838] DEBUG -- : Could not run the `identify` command. Please install ImageMagick.
D, [2015-10-21T11:32:11.831674 #68838] DEBUG -- : ["app/controllers/companies_controller.rb:35:in `create'"]
D, [2015-10-21T11:32:16.525592 #68838] DEBUG -- : Could not run the `identify` command. Please install ImageMagick.
D, [2015-10-21T11:32:16.526354 #68838] DEBUG -- : ["app/controllers/companies_controller.rb:35:in `create'"]
D, [2015-10-21T11:32:20.078348 #68838] DEBUG -- : Could not run the `identify` command. Please install ImageMagick.
D, [2015-10-21T11:32:20.079195 #68838] DEBUG -- : ["app/controllers/companies_controller.rb:35:in `create'"]
D, [2015-10-21T22:12:59.351551 #75769] DEBUG -- : /Users/wilson/dev/csp/app/views/companies/show.html.erb:72: syntax error, unexpected ')'
...ppend=( link_to 'New story',  );@output_buffer.safe_append='
...                               ^
/Users/wilson/dev/csp/app/views/companies/show.html.erb:354: syntax error, unexpected keyword_ensure, expecting ')'
/Users/wilson/dev/csp/app/views/companies/show.html.erb:356: syntax error, unexpected keyword_end, expecting ')'
D, [2015-10-21T22:12:59.352837 #75769] DEBUG -- : []
D, [2015-10-21T22:47:41.323101 #75769] DEBUG -- : /Users/wilson/dev/csp/app/views/companies/show.html.erb:309: syntax error, unexpected keyword_ensure, expecting keyword_end
/Users/wilson/dev/csp/app/views/companies/show.html.erb:311: syntax error, unexpected end-of-input, expecting keyword_end
D, [2015-10-21T22:47:41.324480 #75769] DEBUG -- : []
D, [2015-10-22T11:08:33.934778 #75769] DEBUG -- : /Users/wilson/dev/csp/app/views/companies/shared/_settings.html.erb:21: syntax error, unexpected keyword_class, expecting keyword_end
                 f.text_field :name class: 'form-control' 
                                         ^
D, [2015-10-22T11:08:33.936023 #75769] DEBUG -- : ["app/views/companies/show.html.erb:15:in `_app_views_companies_show_html_erb___2918190551446098999_70290412229380'"]
D, [2015-10-22T14:55:59.125621 #80716] DEBUG -- : couldn't find file 'fontawesome/css/font-awesome.min.css' with type 'text/css'
D, [2015-10-22T14:55:59.126792 #80716] DEBUG -- : ["app/assets/stylesheets/application.scss:15", "app/views/layouts/application.html.erb:9:in `_app_views_layouts_application_html_erb___1141739155689122705_70296638747900'"]
D, [2015-10-22T14:55:59.172443 #80716] DEBUG -- : couldn't find file 'fontawesome/css/font-awesome.min.css' with type 'text/css'
D, [2015-10-22T14:55:59.173569 #80716] DEBUG -- : ["app/assets/stylesheets/application.scss:15", "app/views/layouts/application.html.erb:9:in `_app_views_layouts_application_html_erb___1141739155689122705_70296638747900'"]
D, [2015-10-22T14:57:55.168693 #80716] DEBUG -- : couldn't find file 'fontawesome/scss/font-awesome.min.scss' with type 'text/css'
D, [2015-10-22T14:57:55.169749 #80716] DEBUG -- : ["app/assets/stylesheets/application.scss:15", "app/views/layouts/application.html.erb:9:in `_app_views_layouts_application_html_erb___1141739155689122705_70296638747900'"]
D, [2015-10-22T15:03:08.836128 #80716] DEBUG -- : File to import not found or unreadable: variables.
Load paths:
  /Users/wilson/dev/csp/app/assets/images
  /Users/wilson/dev/csp/app/assets/javascripts
  /Users/wilson/dev/csp/app/assets/stylesheets
  /Users/wilson/dev/csp/vendor/assets/bower_components
  /Users/wilson/dev/csp/vendor/assets/javascripts
  /Users/wilson/dev/csp/vendor/assets/stylesheets
  /Users/wilson/.rbenv/versions/2.2.2/lib/ruby/gems/2.2.0/gems/coffee-rails-4.1.0/lib/assets/javascripts
  /Users/wilson/dev/csp/vendor/assets/bower_components
  /Users/wilson/dev/csp/vendor/assets/bower_components
D, [2015-10-22T15:03:08.837314 #80716] DEBUG -- : ["app/views/layouts/application.html.erb:9:in `_app_views_layouts_application_html_erb___1141739155689122705_70296657927940'"]
D, [2015-10-22T15:10:33.640749 #80829] DEBUG -- : File to import not found or unreadable: variables.
Load paths:
  /Users/wilson/dev/csp/app/assets/images
  /Users/wilson/dev/csp/app/assets/javascripts
  /Users/wilson/dev/csp/app/assets/stylesheets
  /Users/wilson/dev/csp/vendor/assets/bower_components
  /Users/wilson/dev/csp/vendor/assets/javascripts
  /Users/wilson/dev/csp/vendor/assets/stylesheets
  /Users/wilson/.rbenv/versions/2.2.2/lib/ruby/gems/2.2.0/gems/coffee-rails-4.1.0/lib/assets/javascripts
  /Users/wilson/dev/csp/vendor/assets/bower_components
  /Users/wilson/dev/csp/vendor/assets/bower_components
D, [2015-10-22T15:10:33.642016 #80829] DEBUG -- : ["app/views/layouts/application.html.erb:9:in `_app_views_layouts_application_html_erb__4304890600801103023_70348769369040'"]
D, [2015-10-22T15:18:00.413472 #80983] DEBUG -- : File to import not found or unreadable: variables.
Load paths:
  /Users/wilson/dev/csp/app/assets/images
  /Users/wilson/dev/csp/app/assets/javascripts
  /Users/wilson/dev/csp/app/assets/stylesheets
  /Users/wilson/dev/csp/vendor/assets/bower_components
  /Users/wilson/dev/csp/vendor/assets/javascripts
  /Users/wilson/dev/csp/vendor/assets/stylesheets
  /Users/wilson/.rbenv/versions/2.2.2/lib/ruby/gems/2.2.0/gems/coffee-rails-4.1.0/lib/assets/javascripts
  /Users/wilson/dev/csp/vendor/assets/bower_components
  /Users/wilson/dev/csp/vendor/assets/bower_components
D, [2015-10-22T15:18:00.414612 #80983] DEBUG -- : ["app/views/layouts/application.html.erb:9:in `_app_views_layouts_application_html_erb___785112372534823544_70163358304900'"]
D, [2015-10-22T15:20:58.478628 #80983] DEBUG -- : File to import not found or unreadable: variables.
Load paths:
  /Users/wilson/dev/csp/app/assets/images
  /Users/wilson/dev/csp/app/assets/javascripts
  /Users/wilson/dev/csp/app/assets/stylesheets
  /Users/wilson/dev/csp/vendor/assets/bower_components
  /Users/wilson/dev/csp/vendor/assets/javascripts
  /Users/wilson/dev/csp/vendor/assets/stylesheets
  /Users/wilson/.rbenv/versions/2.2.2/lib/ruby/gems/2.2.0/gems/coffee-rails-4.1.0/lib/assets/javascripts
  /Users/wilson/dev/csp/vendor/assets/bower_components
  /Users/wilson/dev/csp/vendor/assets/bower_components
D, [2015-10-22T15:20:58.479818 #80983] DEBUG -- : ["app/views/layouts/application.html.erb:9:in `_app_views_layouts_application_html_erb___785112372534823544_70163358304900'"]
D, [2015-10-22T15:25:04.328336 #80983] DEBUG -- : File to import not found or unreadable: variables.
Load paths:
  /Users/wilson/dev/csp/app/assets/images
  /Users/wilson/dev/csp/app/assets/javascripts
  /Users/wilson/dev/csp/app/assets/stylesheets
  /Users/wilson/dev/csp/vendor/assets/bower_components
  /Users/wilson/dev/csp/vendor/assets/javascripts
  /Users/wilson/dev/csp/vendor/assets/stylesheets
  /Users/wilson/.rbenv/versions/2.2.2/lib/ruby/gems/2.2.0/gems/coffee-rails-4.1.0/lib/assets/javascripts
  /Users/wilson/dev/csp/vendor/assets/bower_components
  /Users/wilson/dev/csp/vendor/assets/bower_components
D, [2015-10-22T15:25:04.329736 #80983] DEBUG -- : ["app/views/layouts/application.html.erb:9:in `_app_views_layouts_application_html_erb___785112372534823544_70163358304900'"]
D, [2015-10-22T15:27:47.969733 #81135] DEBUG -- : File to import not found or unreadable: variables.
Load paths:
  /Users/wilson/dev/csp/app/assets/images
  /Users/wilson/dev/csp/app/assets/javascripts
  /Users/wilson/dev/csp/app/assets/stylesheets
  /Users/wilson/dev/csp/vendor/assets/bower_components
  /Users/wilson/dev/csp/vendor/assets/javascripts
  /Users/wilson/dev/csp/vendor/assets/stylesheets
  /Users/wilson/.rbenv/versions/2.2.2/lib/ruby/gems/2.2.0/gems/coffee-rails-4.1.0/lib/assets/javascripts
  /Users/wilson/dev/csp/vendor/assets/bower_components
  /Users/wilson/dev/csp/vendor/assets/bower_components
D, [2015-10-22T15:27:47.971467 #81135] DEBUG -- : ["app/views/layouts/application.html.erb:9:in `_app_views_layouts_application_html_erb__2007126956549954090_70341262133100'"]
D, [2015-10-22T15:32:36.201918 #81252] DEBUG -- : File to import not found or unreadable: variables.
Load paths:
  /Users/wilson/dev/csp/app/assets/images
  /Users/wilson/dev/csp/app/assets/javascripts
  /Users/wilson/dev/csp/app/assets/stylesheets
  /Users/wilson/dev/csp/vendor/assets/bower_components
  /Users/wilson/dev/csp/vendor/assets/javascripts
  /Users/wilson/dev/csp/vendor/assets/stylesheets
  /Users/wilson/.rbenv/versions/2.2.2/lib/ruby/gems/2.2.0/gems/coffee-rails-4.1.0/lib/assets/javascripts
  /Users/wilson/dev/csp/vendor/assets/bower_components
  /Users/wilson/dev/csp/vendor/assets/bower_components
D, [2015-10-22T15:32:36.203386 #81252] DEBUG -- : ["app/views/layouts/application.html.erb:9:in `_app_views_layouts_application_html_erb__2972885536237708512_70120569674640'"]
D, [2015-10-22T15:32:54.356962 #81252] DEBUG -- : File to import not found or unreadable: bootstrap/variables.
Load paths:
  /Users/wilson/dev/csp/app/assets/images
  /Users/wilson/dev/csp/app/assets/javascripts
  /Users/wilson/dev/csp/app/assets/stylesheets
  /Users/wilson/dev/csp/vendor/assets/bower_components
  /Users/wilson/dev/csp/vendor/assets/javascripts
  /Users/wilson/dev/csp/vendor/assets/stylesheets
  /Users/wilson/.rbenv/versions/2.2.2/lib/ruby/gems/2.2.0/gems/coffee-rails-4.1.0/lib/assets/javascripts
  /Users/wilson/dev/csp/vendor/assets/bower_components
  /Users/wilson/dev/csp/vendor/assets/bower_components
D, [2015-10-22T15:32:54.358252 #81252] DEBUG -- : ["app/views/layouts/application.html.erb:9:in `_app_views_layouts_application_html_erb__2972885536237708512_70120569674640'"]
D, [2015-10-22T15:44:41.258395 #81433] DEBUG -- : couldn't find file 'bootstrap-validator/dist/validator.min' with type 'application/javascript'
D, [2015-10-22T15:44:41.259723 #81433] DEBUG -- : ["app/assets/javascripts/users/sessions.js:1", "app/views/layouts/application.html.erb:14:in `_app_views_layouts_application_html_erb__4230469901517663410_70151691572540'", "app/controllers/users/sessions_controller.rb:8:in `new'"]
D, [2015-10-22T15:44:41.403682 #81433] DEBUG -- : couldn't find file 'bootstrap-validator/dist/validator.min' with type 'application/javascript'
D, [2015-10-22T15:44:41.405823 #81433] DEBUG -- : ["app/assets/javascripts/users/sessions.js:1", "app/views/layouts/application.html.erb:14:in `_app_views_layouts_application_html_erb__4230469901517663410_70151691572540'", "app/controllers/users/sessions_controller.rb:8:in `new'"]
D, [2015-10-22T15:57:19.341040 #81433] DEBUG -- : undefined method `logo' for nil:NilClass
D, [2015-10-22T15:57:19.341863 #81433] DEBUG -- : ["app/views/shared/_mvp_admin_navbar.html.erb:5:in `_app_views_shared__mvp_admin_navbar_html_erb__1300874292817812056_70151707603320'", "app/views/layouts/application.html.erb:28:in `_app_views_layouts_application_html_erb__4230469901517663410_70151691572540'"]
D, [2015-10-22T15:59:48.624958 #81433] DEBUG -- : undefined method `successes' for nil:NilClass
D, [2015-10-22T15:59:48.626278 #81433] DEBUG -- : ["app/views/companies/shared/_pipeline.html.erb:15:in `_app_views_companies_shared__pipeline_html_erb___2091101988626229406_70151691965560'", "app/views/companies/show.html.erb:7:in `_app_views_companies_show_html_erb___938410143396868165_70151692506220'"]
D, [2015-10-22T16:13:29.425961 #81433] DEBUG -- : undefined method `new_record?' for nil:NilClass
D, [2015-10-22T16:13:29.426784 #81433] DEBUG -- : ["app/views/companies/show.html.erb:7:in `_app_views_companies_show_html_erb___938410143396868165_70151654236900'"]
D, [2015-10-22T16:16:07.072974 #81433] DEBUG -- : undefined method `new_record?' for nil:NilClass
D, [2015-10-22T16:16:07.073997 #81433] DEBUG -- : ["app/views/companies/show.html.erb:7:in `_app_views_companies_show_html_erb___938410143396868165_70151654236900'"]
D, [2015-10-22T16:16:15.190974 #81433] DEBUG -- : wrong number of arguments (3 for 1..2)
D, [2015-10-22T16:16:15.191890 #81433] DEBUG -- : ["app/views/companies/shared/_settings.html.erb:14:in `_app_views_companies_shared__settings_html_erb___1096741460966789223_70151690502760'", "app/views/companies/show.html.erb:19:in `_app_views_companies_show_html_erb___938410143396868165_70151654236900'", "app/controllers/companies_controller.rb:8:in `new'"]
D, [2015-10-22T16:23:17.294547 #81433] DEBUG -- : wrong number of arguments (3 for 1..2)
D, [2015-10-22T16:23:17.295339 #81433] DEBUG -- : ["app/views/companies/shared/_settings.html.erb:14:in `_app_views_companies_shared__settings_html_erb___1096741460966789223_70151653373740'", "app/views/companies/show.html.erb:19:in `_app_views_companies_show_html_erb___938410143396868165_70151654236900'", "app/controllers/companies_controller.rb:7:in `new'"]
D, [2015-10-22T16:23:46.115020 #81433] DEBUG -- : wrong number of arguments (3 for 1..2)
D, [2015-10-22T16:23:46.115826 #81433] DEBUG -- : ["app/views/companies/shared/_settings.html.erb:14:in `_app_views_companies_shared__settings_html_erb___1096741460966789223_70151716951200'", "app/views/companies/show.html.erb:19:in `_app_views_companies_show_html_erb___938410143396868165_70151654236900'", "app/controllers/companies_controller.rb:7:in `new'"]
D, [2015-10-22T16:25:47.518127 #81433] DEBUG -- : wrong number of arguments (3 for 1..2)
D, [2015-10-22T16:25:47.518896 #81433] DEBUG -- : ["app/views/companies/shared/_settings.html.erb:14:in `_app_views_companies_shared__settings_html_erb___1096741460966789223_70151716951200'", "app/views/companies/show.html.erb:19:in `_app_views_companies_show_html_erb___938410143396868165_70151654236900'", "app/controllers/companies_controller.rb:7:in `new'"]
D, [2015-10-22T16:26:31.725296 #81433] DEBUG -- : wrong number of arguments (3 for 1..2)
D, [2015-10-22T16:26:31.726079 #81433] DEBUG -- : ["app/views/companies/shared/_settings.html.erb:14:in `_app_views_companies_shared__settings_html_erb___1096741460966789223_70151739317340'", "app/views/companies/show.html.erb:19:in `_app_views_companies_show_html_erb___938410143396868165_70151654236900'", "app/controllers/companies_controller.rb:7:in `new'"]
D, [2015-10-22T16:28:26.809552 #81433] DEBUG -- : /Users/wilson/dev/csp/app/views/companies/shared/_settings.html.erb:14: syntax error, unexpected ',', expecting =>
/Users/wilson/dev/csp/app/views/companies/shared/_settings.html.erb:15: syntax error, unexpected '}', expecting keyword_end
... 'form-horizontal col-md-7' } } do |f| @output_buffer.safe_a...
...                               ^
/Users/wilson/dev/csp/app/views/companies/shared/_settings.html.erb:152: syntax error, unexpected keyword_ensure, expecting end-of-input
D, [2015-10-22T16:28:26.810357 #81433] DEBUG -- : ["app/views/companies/show.html.erb:19:in `_app_views_companies_show_html_erb___938410143396868165_70151654236900'", "app/controllers/companies_controller.rb:7:in `new'"]
D, [2015-10-22T16:28:57.066583 #81433] DEBUG -- : /Users/wilson/dev/csp/app/views/companies/shared/_settings.html.erb:14: syntax error, unexpected ',', expecting =>
/Users/wilson/dev/csp/app/views/companies/shared/_settings.html.erb:15: syntax error, unexpected '}', expecting keyword_end
...s: 'form-horizontal col-md-7' } do |f| @output_buffer.safe_a...
...                               ^
/Users/wilson/dev/csp/app/views/companies/shared/_settings.html.erb:152: syntax error, unexpected keyword_ensure, expecting end-of-input
D, [2015-10-22T16:28:57.067388 #81433] DEBUG -- : ["app/views/companies/show.html.erb:19:in `_app_views_companies_show_html_erb___938410143396868165_70151654236900'", "app/controllers/companies_controller.rb:7:in `new'"]
D, [2015-10-22T16:29:24.906533 #81433] DEBUG -- : wrong number of arguments (1 for 3..4)
D, [2015-10-22T16:29:24.907331 #81433] DEBUG -- : ["app/views/companies/shared/_settings.html.erb:27:in `block in _app_views_companies_shared__settings_html_erb___1096741460966789223_70151717610420'", "app/views/companies/shared/_settings.html.erb:14:in `_app_views_companies_shared__settings_html_erb___1096741460966789223_70151717610420'", "app/views/companies/show.html.erb:19:in `_app_views_companies_show_html_erb___938410143396868165_70151654236900'", "app/controllers/companies_controller.rb:7:in `new'"]
D, [2015-10-22T16:33:15.504122 #81433] DEBUG -- : undefined method `map' for nil:NilClass
D, [2015-10-22T16:33:15.505112 #81433] DEBUG -- : ["app/views/companies/shared/_settings.html.erb:27:in `block in _app_views_companies_shared__settings_html_erb___1096741460966789223_70151680278640'", "app/views/companies/shared/_settings.html.erb:14:in `_app_views_companies_shared__settings_html_erb___1096741460966789223_70151680278640'", "app/views/companies/show.html.erb:19:in `_app_views_companies_show_html_erb___938410143396868165_70151654236900'", "app/controllers/companies_controller.rb:7:in `new'"]
D, [2015-10-22T16:37:20.063740 #81433] DEBUG -- : undefined method `name' for "Education":String
D, [2015-10-22T16:37:20.064986 #81433] DEBUG -- : ["app/views/companies/shared/_settings.html.erb:27:in `block in _app_views_companies_shared__settings_html_erb___1096741460966789223_70151698800900'", "app/views/companies/shared/_settings.html.erb:14:in `_app_views_companies_shared__settings_html_erb___1096741460966789223_70151698800900'", "app/views/companies/show.html.erb:19:in `_app_views_companies_show_html_erb___938410143396868165_70151654236900'", "app/controllers/companies_controller.rb:9:in `new'"]
D, [2015-10-22T16:48:16.160233 #81433] DEBUG -- : undefined method `industry_tags' for #<Company:0x007f9aef023e10>
D, [2015-10-22T16:48:16.161549 #81433] DEBUG -- : ["app/views/companies/shared/_settings.html.erb:26:in `block in _app_views_companies_shared__settings_html_erb___1096741460966789223_70151692927240'", "app/views/companies/shared/_settings.html.erb:14:in `_app_views_companies_shared__settings_html_erb___1096741460966789223_70151692927240'", "app/views/companies/show.html.erb:19:in `_app_views_companies_show_html_erb___938410143396868165_70151654236900'", "app/controllers/companies_controller.rb:9:in `new'"]
D, [2015-10-22T17:04:09.897775 #81433] DEBUG -- : undefined method `name' for "Education":String
D, [2015-10-22T17:04:09.899333 #81433] DEBUG -- : ["app/views/companies/shared/_settings.html.erb:27:in `block (2 levels) in _app_views_companies_shared__settings_html_erb___1096741460966789223_70151735611420'", "app/views/companies/shared/_settings.html.erb:27:in `map'", "app/views/companies/shared/_settings.html.erb:27:in `block in _app_views_companies_shared__settings_html_erb___1096741460966789223_70151735611420'", "app/views/companies/shared/_settings.html.erb:14:in `_app_views_companies_shared__settings_html_erb___1096741460966789223_70151735611420'", "app/views/companies/show.html.erb:19:in `_app_views_companies_show_html_erb___938410143396868165_70151654236900'", "app/controllers/companies_controller.rb:10:in `new'"]
D, [2015-10-22T19:34:13.594866 #81433] DEBUG -- : Missing template companies/create, application/create with {:locale=>[:en], :formats=>[:html], :variants=>[], :handlers=>[:erb, :builder, :raw, :ruby, :coffee, :jbuilder]}. Searched in:
  * "/Users/wilson/dev/csp/app/views"
  * "/Users/wilson/.rbenv/versions/2.2.2/lib/ruby/gems/2.2.0/gems/devise-3.5.2/app/views"

D, [2015-10-22T19:34:13.595959 #81433] DEBUG -- : []
D, [2015-10-22T19:34:22.794788 #81433] DEBUG -- : wrong number of arguments (0 for 1..2)
D, [2015-10-22T19:34:22.795882 #81433] DEBUG -- : ["app/views/companies/shared/_settings.html.erb:42:in `block in _app_views_companies_shared__settings_html_erb___1096741460966789223_70151706736500'", "app/views/companies/shared/_settings.html.erb:16:in `_app_views_companies_shared__settings_html_erb___1096741460966789223_70151706736500'", "app/views/companies/show.html.erb:19:in `_app_views_companies_show_html_erb___938410143396868165_70151654236900'", "app/controllers/companies_controller.rb:12:in `new'"]
D, [2015-10-22T19:53:35.623479 #81433] DEBUG -- : Missing template companies/create, application/create with {:locale=>[:en], :formats=>[:html], :variants=>[], :handlers=>[:erb, :builder, :raw, :ruby, :coffee, :jbuilder]}. Searched in:
  * "/Users/wilson/dev/csp/app/views"
  * "/Users/wilson/.rbenv/versions/2.2.2/lib/ruby/gems/2.2.0/gems/devise-3.5.2/app/views"

D, [2015-10-22T19:53:35.624352 #81433] DEBUG -- : []
D, [2015-10-22T19:53:39.284864 #81433] DEBUG -- : /Users/wilson/dev/csp/app/views/companies/shared/_settings.html.erb:32: syntax error, unexpected $undefined
...                  { multiple: \'true\', class: \'form-contro...
...                               ^
/Users/wilson/dev/csp/app/views/companies/shared/_settings.html.erb:43: syntax error, unexpected keyword_true, expecting ')'
                      { multiple: 'true', class: 'form-control tags',
                                       ^
/Users/wilson/dev/csp/app/views/companies/shared/_settings.html.erb:43: syntax error, unexpected tIDENTIFIER, expecting ')'
                      { multiple: 'true', class: 'form-control tags',
                                                      ^
/Users/wilson/dev/csp/app/views/companies/shared/_settings.html.erb:43: syntax error, unexpected tIDENTIFIER, expecting keyword_do or '{' or '('
                      { multiple: 'true', class: 'form-control tags',
                                                                   ^
/Users/wilson/dev/csp/app/views/companies/shared/_settings.html.erb:44: syntax error, unexpected tIDENTIFIER, expecting ')'
...                  style: 'width:100%'} );@output_buffer.safe...
...                               ^
/Users/wilson/dev/csp/app/views/companies/shared/_settings.html.erb:45: syntax error, unexpected '<', expecting ')'
                </div>
                 ^
/Users/wilson/dev/csp/app/views/companies/shared/_settings.html.erb:46: unknown regexp options - dv
/Users/wilson/dev/csp/app/views/companies/shared/_settings.html.erb:48: syntax error, unexpected '<'
              <div class="form-group">
               ^
/Users/wilson/dev/csp/app/views/companies/shared/_settings.html.erb:49: syntax error, unexpected tIDENTIFIER, expecting ')'
...bel_tag :logo, nil, class: 'col-md-3 control-label' );@outpu...
...                               ^
/Users/wilson/dev/csp/app/views/companies/shared/_settings.html.erb:49: syntax error, unexpected tIDENTIFIER, expecting ')'
..., nil, class: 'col-md-3 control-label' );@output_buffer.safe...
...                               ^
/Users/wilson/dev/csp/app/views/companies/shared/_settings.html.erb:49: syntax error, unexpected tSTRING_BEG, expecting keyword_do or '{' or '('
...class: 'col-md-3 control-label' );@output_buffer.safe_append...
...                               ^
/Users/wilson/dev/csp/app/views/companies/shared/_settings.html.erb:50: syntax error, unexpected '<', expecting ')'
                <div class=\'col-md-9\'>
                 ^
/Users/wilson/dev/csp/app/views/companies/shared/_settings.html.erb:62: syntax error, unexpected keyword_end, expecting ')'
'.freeze;             end 
                         ^
/Users/wilson/dev/csp/app/views/companies/shared/_settings.html.erb:64: syntax error, unexpected keyword_end, expecting ')'
'.freeze;           end 
                       ^
/Users/wilson/dev/csp/app/views/companies/shared/_settings.html.erb:172: syntax error, unexpected keyword_ensure, expecting ')'
/Users/wilson/dev/csp/app/views/companies/shared/_settings.html.erb:174: syntax error, unexpected keyword_end, expecting ')'
D, [2015-10-22T19:53:39.285849 #81433] DEBUG -- : ["app/views/companies/show.html.erb:19:in `_app_views_companies_show_html_erb___938410143396868165_70151654236900'", "app/controllers/companies_controller.rb:12:in `new'"]
D, [2015-10-22T20:02:43.751321 #81433] DEBUG -- : Missing template companies/create, application/create with {:locale=>[:en], :formats=>[:html], :variants=>[], :handlers=>[:erb, :builder, :raw, :ruby, :coffee, :jbuilder]}. Searched in:
  * "/Users/wilson/dev/csp/app/views"
  * "/Users/wilson/.rbenv/versions/2.2.2/lib/ruby/gems/2.2.0/gems/devise-3.5.2/app/views"

D, [2015-10-22T20:02:43.752285 #81433] DEBUG -- : []
D, [2015-10-22T20:10:10.286681 #81433] DEBUG -- : Missing template companies/create, application/create with {:locale=>[:en], :formats=>[:html], :variants=>[], :handlers=>[:erb, :builder, :raw, :ruby, :coffee, :jbuilder]}. Searched in:
  * "/Users/wilson/dev/csp/app/views"
  * "/Users/wilson/.rbenv/versions/2.2.2/lib/ruby/gems/2.2.0/gems/devise-3.5.2/app/views"

D, [2015-10-22T20:10:10.287779 #81433] DEBUG -- : []
D, [2015-10-22T20:53:59.615274 #81433] DEBUG -- : /Users/wilson/dev/csp/app/views/companies/shared/_settings.html.erb:18: syntax error, unexpected tIDENTIFIER, expecting '}'
                    multipart: 'true' } do |f| @output_buf...
                             ^
/Users/wilson/dev/csp/app/views/companies/shared/_settings.html.erb:18: syntax error, unexpected '}', expecting keyword_end
...            multipart: 'true' } do |f| @output_buffer.safe_a...
...                               ^
/Users/wilson/dev/csp/app/views/companies/shared/_settings.html.erb:72: syntax error, unexpected keyword_ensure, expecting end-of-input
D, [2015-10-22T20:53:59.616350 #81433] DEBUG -- : ["app/views/companies/show.html.erb:19:in `_app_views_companies_show_html_erb___938410143396868165_70151654236900'"]
D, [2015-10-22T20:58:18.710011 #81433] DEBUG -- : undefined method `logo' for nil:NilClass
D, [2015-10-22T20:58:18.710977 #81433] DEBUG -- : ["app/views/shared/_mvp_admin_navbar.html.erb:5:in `_app_views_shared__mvp_admin_navbar_html_erb__1300874292817812056_70151730142480'", "app/views/layouts/application.html.erb:28:in `_app_views_layouts_application_html_erb__4230469901517663410_70151691572540'", "app/controllers/companies_controller.rb:8:in `new'"]
D, [2015-10-23T11:11:33.175909 #86417] DEBUG -- : No route matches {:action=>"index", :controller=>"stories", :id=>nil} missing required keys: [:id]
D, [2015-10-23T11:11:33.176871 #86417] DEBUG -- : ["app/views/companies/shared/_curate.html.erb:9:in `_app_views_companies_shared__curate_html_erb___1259993377422373649_70226898428220'", "app/views/companies/show.html.erb:9:in `_app_views_companies_show_html_erb___3825393657743285464_70226886979800'", "app/controllers/companies_controller.rb:8:in `new'"]
